root - WARNING - GFP Solutions: 'NoneType' object has no attribute 'getText'
root - WARNING - Captivea USA: 'NoneType' object has no attribute 'getText'
root - WARNING - ASELCIS Consulting, S.L.: 'NoneType' object has no attribute 'getText'
root - WARNING - Roaya: 'NoneType' object has no attribute 'getText'
root - WARNING - Pragmatic: 'NoneType' object has no attribute 'getText'
root - WARNING - WEDOO - Mexico : 'NoneType' object has no attribute 'getText'
root - WARNING - Plementus: 'NoneType' object has no attribute 'getText'
root - WARNING - Akarigo Ltd: 'NoneType' object has no attribute 'getText'
root - WARNING - Akarigo Ltd: 'NoneType' object has no attribute 'getText'
root - WARNING - COMPAÑÍA OPA OPTIMAL ADVISE CONSULTING S.A.: 'NoneType' object has no attribute 'getText'
root - WARNING - Appness Technology Co.LTD : 'NoneType' object has no attribute 'getText'
root - WARNING - Acsone Luxembourg: 'NoneType' object has no attribute 'getText'
root - WARNING - STRATEGIC CONEXION STRACONX S.A.: 'NoneType' object has no attribute 'getText'
root - WARNING - eTech : 'NoneType' object has no attribute 'getText'
root - WARNING - Dymaxel Systems (Private) Limited: 'NoneType' object has no attribute 'getText'
root - WARNING - Systeg (Sistemas Administrativos Aplicados en Software Contable, S.A. de C.V.): 'NoneType' object has no attribute 'getText'
root - WARNING - ITConsulting: 'NoneType' object has no attribute 'getText'
root - WARNING - Blueback B.V.: 'NoneType' object has no attribute 'getText'
root - WARNING - SPEARHEAD International Inc.: 'NoneType' object has no attribute 'getText'
root - WARNING - Unified Solutions Platform: 'NoneType' object has no attribute 'getText'
root - WARNING - GSK for Information Technology : 'NoneType' object has no attribute 'getText'
root - WARNING - Sati: 'NoneType' object has no attribute 'getText'
root - WARNING - Komit Consulting: 'NoneType' object has no attribute 'getText'
root - WARNING - Nanobytes Andorra: 'NoneType' object has no attribute 'getText'
root - WARNING - CIEL IT, Inc.: 'NoneType' object has no attribute 'getText'
root - WARNING - ERPify USA, Inc.: 'NoneType' object has no attribute 'getText'
root - WARNING - Dynamik Technologies Sdn Bhd: 'NoneType' object has no attribute 'getText'
root - WARNING - Nanobytes Andorra: 'NoneType' object has no attribute 'getText'
root - WARNING - CIEL IT, Inc.: 'NoneType' object has no attribute 'getText'
root - WARNING - Oodu Implementers Private Limited: 'NoneType' object has no attribute 'getText'
root - WARNING - Oodu Implementers Private Limited: 'NoneType' object has no attribute 'getText'
root - WARNING - Neobis Business Software Solutions: 'NoneType' object has no attribute 'getText'
root - WARNING - Trinity Roots Co.,Ltd.: 'NoneType' object has no attribute 'getText'
root - WARNING - Taliform, Inc.: 'NoneType' object has no attribute 'getText'
root - WARNING - Grupo Xmarts - Peru: 'NoneType' object has no attribute 'getText'
root - WARNING -  Aplicaciones y Programas Pensados en Ti - appti: 'NoneType' object has no attribute 'getText'
root - WARNING - Open2Bizz: 'NoneType' object has no attribute 'getText'
root - WARNING - TeleNoc (هلكون لتقنية المعلومات): 'NoneType' object has no attribute 'getText'
root - WARNING - Joop Solutions SAPI de CV: 'NoneType' object has no attribute 'getText'
root - WARNING - Caret IT Solutions Pvt. Ltd.: 'NoneType' object has no attribute 'getText'
root - WARNING - Prime Minds Consulting Private Limited: 'NoneType' object has no attribute 'getText'
root - WARNING - Representaciones e Inversiones DEEL S.A.: 'NoneType' object has no attribute 'getText'
root - WARNING - PSDC INC.: 'NoneType' object has no attribute 'getText'
root - WARNING - SIT & Think Digital: 'NoneType' object has no attribute 'getText'
root - WARNING - Tecnativa S.L: 'NoneType' object has no attribute 'getText'
root - WARNING - AdaLogic LLC: 'NoneType' object has no attribute 'getText'
root - WARNING - Interfaces S.A.: 'NoneType' object has no attribute 'getText'
root - WARNING - SMART Business Coaching: 'NoneType' object has no attribute 'getText'
root - WARNING - IT as a Service Co., Ltd.: 'NoneType' object has no attribute 'getText'
root - WARNING - Mazi Systems: 'NoneType' object has no attribute 'getText'
root - WARNING - D4E - Digital4Efficiency Sàrl: 'NoneType' object has no attribute 'getText'
root - WARNING - Sync Lab s.r.l.: 'NoneType' object has no attribute 'getText'
root - WARNING - Mazi Systems: 'NoneType' object has no attribute 'getText'
root - WARNING - MCEE Business Solutions Limited: 'NoneType' object has no attribute 'getText'
root - WARNING - Niboo: 'NoneType' object has no attribute 'getText'
root - WARNING - Systems Services, Inc.: 'NoneType' object has no attribute 'getText'
root - WARNING - 26HOUSE s.r.o.: 'NoneType' object has no attribute 'getText'
root - WARNING - Prime Spectrum: 'NoneType' object has no attribute 'getText'
root - WARNING - Comstar Pakistan : 'NoneType' object has no attribute 'getText'
root - WARNING - Eco Tech: 'NoneType' object has no attribute 'getText'
root - WARNING - Mazi Systems: 'NoneType' object has no attribute 'getText'
root - WARNING - Grupo Xmarts - República Dominicana: 'NoneType' object has no attribute 'getText'
root - WARNING - WMSSoft Pty Ltd: 'NoneType' object has no attribute 'getText'
root - WARNING - Safecoms Myanmar Co Ltd: 'NoneType' object has no attribute 'getText'
root - WARNING - INFORMATICA SISTEMES I TECNOLOGIA DIGITAL SL: 'NoneType' object has no attribute 'getText'
root - WARNING - Prime Spectrum: 'NoneType' object has no attribute 'getText'
root - WARNING - WMSSoft Pty Ltd: 'NoneType' object has no attribute 'getText'
root - WARNING - INFORMATICA SISTEMES I TECNOLOGIA DIGITAL SL: 'NoneType' object has no attribute 'getText'
root - WARNING - Prime Spectrum: 'NoneType' object has no attribute 'getText'
root - WARNING - INFORMATICA SISTEMES I TECNOLOGIA DIGITAL SL: 'NoneType' object has no attribute 'getText'
root - WARNING - Prime Spectrum: 'NoneType' object has no attribute 'getText'
root - WARNING - INFORMATICA SISTEMES I TECNOLOGIA DIGITAL SL: 'NoneType' object has no attribute 'getText'
root - WARNING - IT-SYS Corporation - KSA: 'NoneType' object has no attribute 'getText'
root - WARNING - SPA SMARTEST Algeria: 'NoneType' object has no attribute 'getText'
root - WARNING - IFE GmbH: 'NoneType' object has no attribute 'getText'
root - WARNING - AVALANTEC Business Innovations: 'NoneType' object has no attribute 'getText'
root - WARNING - Planet-Odoo: 'NoneType' object has no attribute 'getText'
root - WARNING - Emerald-IT S.A de C.V.: 'NoneType' object has no attribute 'getText'
root - WARNING - LOO: 'NoneType' object has no attribute 'getText'
root - WARNING - White-Code KSA: 'NoneType' object has no attribute 'getText'
root - WARNING - White-Code KSA: 'NoneType' object has no attribute 'getText'
root - WARNING - Tecnika Global, SA de CV: 'NoneType' object has no attribute 'getText'
